<?xml version="1.0" encoding="UTF-8"?>
<testsuite xmlns:xsi="http://www.w3.org/2001/XMLSchema-instance" xsi:noNamespaceSchemaLocation="https://maven.apache.org/surefire/maven-surefire-plugin/xsd/surefire-test-report.xsd" name="br.com.pizzaria.dao.FornecedorDaoImplTest" time="1.574" tests="3" errors="0" skipped="0" failures="0">
  <properties>
[...]
</properties>
  <testcase name="testExcluir" classname="br.com.pizzaria.dao.FornecedorDaoImplTest" time="0.651"/>
  <testcase name="testAlterar" classname="br.com.pizzaria.dao.FornecedorDaoImplTest" time="0.716"/>
  <testcase name="testSalvar" classname="br.com.pizzaria.dao.FornecedorDaoImplTest" time="0.196"/>
</testsuite>